CRITICAL - 2022-09-26 02:39:27 --> Invalid file: checkout.php
in SYSTEMPATH\Exceptions\FrameworkException.php on line 33.
 1 SYSTEMPATH\View\View.php(201): CodeIgniter\Exceptions\FrameworkException::forInvalidFile('checkout.php')
 2 SYSTEMPATH\Common.php(1135): CodeIgniter\View\View->render('checkout', [], true)
 3 APPPATH\Controllers\Home.php(227): view('checkout', [...])
 4 SYSTEMPATH\CodeIgniter.php(896): App\Controllers\Home->checkout()
 5 SYSTEMPATH\CodeIgniter.php(466): CodeIgniter\CodeIgniter->runController(Object(App\Controllers\Home))
 6 SYSTEMPATH\CodeIgniter.php(349): CodeIgniter\CodeIgniter->handleRequest(null, Object(Config\Cache), false)
 7 FCPATH\index.php(55): CodeIgniter\CodeIgniter->run()
 8 SYSTEMPATH\Commands\Server\rewrite.php(43): require_once('FCPATH\\index.php')
CRITICAL - 2022-09-26 02:48:33 --> Undefined array key "sub_total"
in APPPATH\Models\HomeModel.php on line 1106.
 1 APPPATH\Models\HomeModel.php(1106): CodeIgniter\Debug\Exceptions->errorHandler(2, 'Undefined array key "sub_total"', 'APPPATH\\Models\\HomeModel.php', 1106)
 2 APPPATH\Controllers\Home.php(222): App\Models\HomeModel->payment_data([...])
 3 SYSTEMPATH\CodeIgniter.php(896): App\Controllers\Home->checkout()
 4 SYSTEMPATH\CodeIgniter.php(466): CodeIgniter\CodeIgniter->runController(Object(App\Controllers\Home))
 5 SYSTEMPATH\CodeIgniter.php(349): CodeIgniter\CodeIgniter->handleRequest(null, Object(Config\Cache), false)
 6 FCPATH\index.php(55): CodeIgniter\CodeIgniter->run()
 7 SYSTEMPATH\Commands\Server\rewrite.php(43): require_once('FCPATH\\index.php')
CRITICAL - 2022-09-26 02:59:35 --> Undefined array key "sub_total"
in APPPATH\Models\HomeModel.php on line 1106.
 1 APPPATH\Models\HomeModel.php(1106): CodeIgniter\Debug\Exceptions->errorHandler(2, 'Undefined array key "sub_total"', 'APPPATH\\Models\\HomeModel.php', 1106)
 2 APPPATH\Controllers\Home.php(222): App\Models\HomeModel->payment_data([...])
 3 SYSTEMPATH\CodeIgniter.php(896): App\Controllers\Home->checkout()
 4 SYSTEMPATH\CodeIgniter.php(466): CodeIgniter\CodeIgniter->runController(Object(App\Controllers\Home))
 5 SYSTEMPATH\CodeIgniter.php(349): CodeIgniter\CodeIgniter->handleRequest(null, Object(Config\Cache), false)
 6 FCPATH\index.php(55): CodeIgniter\CodeIgniter->run()
 7 SYSTEMPATH\Commands\Server\rewrite.php(43): require_once('FCPATH\\index.php')
CRITICAL - 2022-09-26 03:06:29 --> require_once(C:\Users\maithili\Downloads\shopwise\app\Libraries/Rozorpay/Razorpay.php): Failed to open stream: No such file or directory
in APPPATH\Helpers\rozorpay_helper.php on line 73.
 1 APPPATH\Helpers\rozorpay_helper.php(73): CodeIgniter\Debug\Exceptions->errorHandler(2, 'require_once(C:\\Users\\maithili\\Downloads\\shopwise\\app\\Libraries/Rozorpay/Razorpay.php): Failed to open stream: No such file or directory', 'APPPATH\\Helpers\\rozorpay_helper.php', 73)
 2 APPPATH\Helpers\rozorpay_helper.php(73): require_once()
 3 APPPATH\Helpers\rozorpay_helper.php(23): generate_order_id_razor('357.5', 'b6fa26ad4e031a7551b8')
 4 APPPATH\Models\HomeModel.php(1172): SendRazor('357.5', 'b6fa26ad4e031a7551b8', [...])
 5 APPPATH\Controllers\Home.php(222): App\Models\HomeModel->payment_data([...])
 6 SYSTEMPATH\CodeIgniter.php(896): App\Controllers\Home->checkout()
 7 SYSTEMPATH\CodeIgniter.php(466): CodeIgniter\CodeIgniter->runController(Object(App\Controllers\Home))
 8 SYSTEMPATH\CodeIgniter.php(349): CodeIgniter\CodeIgniter->handleRequest(null, Object(Config\Cache), false)
 9 FCPATH\index.php(55): CodeIgniter\CodeIgniter->run()
10 SYSTEMPATH\Commands\Server\rewrite.php(43): require_once('FCPATH\\index.php')
CRITICAL - 2022-09-26 03:12:32 --> Invalid file: payment_success.php
in SYSTEMPATH\Exceptions\FrameworkException.php on line 33.
 1 SYSTEMPATH\View\View.php(201): CodeIgniter\Exceptions\FrameworkException::forInvalidFile('payment_success.php')
 2 SYSTEMPATH\Common.php(1135): CodeIgniter\View\View->render('payment_success', [], true)
 3 APPPATH\Controllers\Home.php(399): view('payment_success', [...])
 4 SYSTEMPATH\CodeIgniter.php(896): App\Controllers\Home->payment_success('38085be52b98264ba0a3')
 5 SYSTEMPATH\CodeIgniter.php(466): CodeIgniter\CodeIgniter->runController(Object(App\Controllers\Home))
 6 SYSTEMPATH\CodeIgniter.php(349): CodeIgniter\CodeIgniter->handleRequest(null, Object(Config\Cache), false)
 7 FCPATH\index.php(55): CodeIgniter\CodeIgniter->run()
 8 SYSTEMPATH\Commands\Server\rewrite.php(43): require_once('FCPATH\\index.php')
CRITICAL - 2022-09-26 03:13:06 --> Invalid file: track-order.php
in SYSTEMPATH\Exceptions\FrameworkException.php on line 33.
 1 SYSTEMPATH\View\View.php(201): CodeIgniter\Exceptions\FrameworkException::forInvalidFile('track-order.php')
 2 SYSTEMPATH\Common.php(1135): CodeIgniter\View\View->render('track-order', [], true)
 3 APPPATH\Controllers\Home.php(280): view('track-order', [...])
 4 SYSTEMPATH\CodeIgniter.php(896): App\Controllers\Home->track_order('6')
 5 SYSTEMPATH\CodeIgniter.php(466): CodeIgniter\CodeIgniter->runController(Object(App\Controllers\Home))
 6 SYSTEMPATH\CodeIgniter.php(349): CodeIgniter\CodeIgniter->handleRequest(null, Object(Config\Cache), false)
 7 FCPATH\index.php(55): CodeIgniter\CodeIgniter->run()
 8 SYSTEMPATH\Commands\Server\rewrite.php(43): require_once('FCPATH\\index.php')
CRITICAL - 2022-09-26 23:15:17 --> cURL error 28: Operation timed out after 10006 milliseconds with 0 out of 0 bytes received
in VENDORPATH\rmccue\requests\src\Transport\Curl.php on line 490.
 1 VENDORPATH\rmccue\requests\src\Transport\Curl.php(219): WpOrg\Requests\Transport\Curl->process_response('ROOTPATH\\public', [...])
 2 VENDORPATH\rmccue\requests\src\Requests.php(469): WpOrg\Requests\Transport\Curl->request('https://api.razorpay.com/v1/orders/', [...], [...], [...])
 3 VENDORPATH\razorpay\razorpay\src\Request.php(57): WpOrg\Requests\Requests::request('https://api.razorpay.com/v1/orders/', [...], [...], 'POST', [...])
 4 VENDORPATH\razorpay\razorpay\src\Entity.php(92): Razorpay\Api\Request->request('POST', 'https://api.razorpay.com/v1/orders/', [...])
 5 VENDORPATH\razorpay\razorpay\src\Entity.php(20): Razorpay\Api\Entity->request('POST', 'orders/', [...])
 6 VENDORPATH\razorpay\razorpay\src\Order.php(12): Razorpay\Api\Entity->create([...])
 7 APPPATH\Helpers\rozorpay_helper.php(82): Razorpay\Api\Order->create([...])
 8 APPPATH\Helpers\rozorpay_helper.php(23): generate_order_id_razor('403.91999999999996', '2a32af169cad805f3963')
 9 APPPATH\Models\HomeModel.php(1172): SendRazor('403.91999999999996', '2a32af169cad805f3963', [...])
10 APPPATH\Controllers\Home.php(222): App\Models\HomeModel->payment_data([...])
11 SYSTEMPATH\CodeIgniter.php(896): App\Controllers\Home->checkout()
12 SYSTEMPATH\CodeIgniter.php(466): CodeIgniter\CodeIgniter->runController(Object(App\Controllers\Home))
13 SYSTEMPATH\CodeIgniter.php(349): CodeIgniter\CodeIgniter->handleRequest(null, Object(Config\Cache), false)
14 FCPATH\index.php(55): CodeIgniter\CodeIgniter->run()
15 SYSTEMPATH\Commands\Server\rewrite.php(43): require_once('FCPATH\\index.php')
CRITICAL - 2022-09-26 23:15:56 --> Invalid file: payment_success.php
in SYSTEMPATH\Exceptions\FrameworkException.php on line 33.
 1 SYSTEMPATH\View\View.php(201): CodeIgniter\Exceptions\FrameworkException::forInvalidFile('payment_success.php')
 2 SYSTEMPATH\Common.php(1135): CodeIgniter\View\View->render('payment_success', [], true)
 3 APPPATH\Controllers\Home.php(399): view('payment_success', [...])
 4 SYSTEMPATH\CodeIgniter.php(896): App\Controllers\Home->payment_success('1bd28c3041ed2f00a116')
 5 SYSTEMPATH\CodeIgniter.php(466): CodeIgniter\CodeIgniter->runController(Object(App\Controllers\Home))
 6 SYSTEMPATH\CodeIgniter.php(349): CodeIgniter\CodeIgniter->handleRequest(null, Object(Config\Cache), false)
 7 FCPATH\index.php(55): CodeIgniter\CodeIgniter->run()
 8 SYSTEMPATH\Commands\Server\rewrite.php(43): require_once('FCPATH\\index.php')
CRITICAL - 2022-09-26 23:32:19 --> Invalid file: Home/login.php
in SYSTEMPATH\Exceptions\FrameworkException.php on line 33.
 1 SYSTEMPATH\View\View.php(201): CodeIgniter\Exceptions\FrameworkException::forInvalidFile('Home/login.php')
 2 SYSTEMPATH\Common.php(1135): CodeIgniter\View\View->render('Home/login', [], true)
 3 APPPATH\Controllers\Home.php(269): view('Home/login')
 4 SYSTEMPATH\CodeIgniter.php(896): App\Controllers\Home->order()
 5 SYSTEMPATH\CodeIgniter.php(466): CodeIgniter\CodeIgniter->runController(Object(App\Controllers\Home))
 6 SYSTEMPATH\CodeIgniter.php(349): CodeIgniter\CodeIgniter->handleRequest(null, Object(Config\Cache), false)
 7 FCPATH\index.php(55): CodeIgniter\CodeIgniter->run()
 8 SYSTEMPATH\Commands\Server\rewrite.php(43): require_once('FCPATH\\index.php')
CRITICAL - 2022-09-26 23:32:22 --> Invalid file: Home/login.php
in SYSTEMPATH\Exceptions\FrameworkException.php on line 33.
 1 SYSTEMPATH\View\View.php(201): CodeIgniter\Exceptions\FrameworkException::forInvalidFile('Home/login.php')
 2 SYSTEMPATH\Common.php(1135): CodeIgniter\View\View->render('Home/login', [], true)
 3 APPPATH\Controllers\Home.php(269): view('Home/login')
 4 SYSTEMPATH\CodeIgniter.php(896): App\Controllers\Home->order()
 5 SYSTEMPATH\CodeIgniter.php(466): CodeIgniter\CodeIgniter->runController(Object(App\Controllers\Home))
 6 SYSTEMPATH\CodeIgniter.php(349): CodeIgniter\CodeIgniter->handleRequest(null, Object(Config\Cache), false)
 7 FCPATH\index.php(55): CodeIgniter\CodeIgniter->run()
 8 SYSTEMPATH\Commands\Server\rewrite.php(43): require_once('FCPATH\\index.php')
CRITICAL - 2022-09-26 23:48:45 --> Invalid file: Home/login.php
in SYSTEMPATH\Exceptions\FrameworkException.php on line 33.
 1 SYSTEMPATH\View\View.php(201): CodeIgniter\Exceptions\FrameworkException::forInvalidFile('Home/login.php')
 2 SYSTEMPATH\Common.php(1135): CodeIgniter\View\View->render('Home/login', [], true)
 3 APPPATH\Controllers\Home.php(269): view('Home/login')
 4 SYSTEMPATH\CodeIgniter.php(896): App\Controllers\Home->order()
 5 SYSTEMPATH\CodeIgniter.php(466): CodeIgniter\CodeIgniter->runController(Object(App\Controllers\Home))
 6 SYSTEMPATH\CodeIgniter.php(349): CodeIgniter\CodeIgniter->handleRequest(null, Object(Config\Cache), false)
 7 FCPATH\index.php(55): CodeIgniter\CodeIgniter->run()
 8 SYSTEMPATH\Commands\Server\rewrite.php(43): require_once('FCPATH\\index.php')
CRITICAL - 2022-09-26 23:51:53 --> Trying to access array offset on value of type null
in APPPATH\Views\track-order.php on line 185.
 1 APPPATH\Views\track-order.php(185): CodeIgniter\Debug\Exceptions->errorHandler(2, 'Trying to access array offset on value of type null', 'APPPATH\\Views\\track-order.php', 185)
 2 SYSTEMPATH\View\View.php(213): include('APPPATH\\Views\\track-order.php')
 3 SYSTEMPATH\View\View.php(216): CodeIgniter\View\View->CodeIgniter\View\{closure}()
 4 SYSTEMPATH\Common.php(1135): CodeIgniter\View\View->render('track-order', [], true)
 5 APPPATH\Controllers\Home.php(280): view('track-order', [...])
 6 SYSTEMPATH\CodeIgniter.php(896): App\Controllers\Home->track_order()
 7 SYSTEMPATH\CodeIgniter.php(466): CodeIgniter\CodeIgniter->runController(Object(App\Controllers\Home))
 8 SYSTEMPATH\CodeIgniter.php(349): CodeIgniter\CodeIgniter->handleRequest(null, Object(Config\Cache), false)
 9 FCPATH\index.php(55): CodeIgniter\CodeIgniter->run()
10 SYSTEMPATH\Commands\Server\rewrite.php(43): require_once('FCPATH\\index.php')
