CRITICAL - 2022-09-27 00:54:15 --> Undefined property: stdClass::$item
in APPPATH\Models\HomeModel.php on line 710.
 1 APPPATH\Models\HomeModel.php(710): CodeIgniter\Debug\Exceptions->errorHandler(2, 'Undefined property: stdClass::$item', 'APPPATH\\Models\\HomeModel.php', 710)
 2 VENDORPATH\hermawan\codeigniter4-datatables\src\DataTableQuery.php(91): App\Models\HomeModel->App\Models\{closure}(Object(stdClass))
 3 VENDORPATH\hermawan\codeigniter4-datatables\src\DataTable.php(176): Hermawan\DataTables\DataTableQuery->getDataResult()
 4 APPPATH\Models\HomeModel.php(717): Hermawan\DataTables\DataTable->toJson()
 5 APPPATH\Controllers\Home.php(321): App\Models\HomeModel->get_wishlist()
 6 SYSTEMPATH\CodeIgniter.php(896): App\Controllers\Home->Getdata('wishlist')
 7 SYSTEMPATH\CodeIgniter.php(466): CodeIgniter\CodeIgniter->runController(Object(App\Controllers\Home))
 8 SYSTEMPATH\CodeIgniter.php(349): CodeIgniter\CodeIgniter->handleRequest(null, Object(Config\Cache), false)
 9 FCPATH\index.php(55): CodeIgniter\CodeIgniter->run()
10 SYSTEMPATH\Commands\Server\rewrite.php(43): require_once('FCPATH\\index.php')
CRITICAL - 2022-09-27 01:11:41 --> Invalid file: login.php
in SYSTEMPATH\Exceptions\FrameworkException.php on line 33.
 1 SYSTEMPATH\View\View.php(201): CodeIgniter\Exceptions\FrameworkException::forInvalidFile('login.php')
 2 SYSTEMPATH\Common.php(1135): CodeIgniter\View\View->render('login', [], true)
 3 APPPATH\Controllers\Home.php(48): view('login', [...])
 4 SYSTEMPATH\CodeIgniter.php(896): App\Controllers\Home->login()
 5 SYSTEMPATH\CodeIgniter.php(466): CodeIgniter\CodeIgniter->runController(Object(App\Controllers\Home))
 6 SYSTEMPATH\CodeIgniter.php(349): CodeIgniter\CodeIgniter->handleRequest(null, Object(Config\Cache), false)
 7 FCPATH\index.php(55): CodeIgniter\CodeIgniter->run()
 8 SYSTEMPATH\Commands\Server\rewrite.php(43): require_once('FCPATH\\index.php')
CRITICAL - 2022-09-27 01:21:50 --> Invalid file: forgot_password.php
in SYSTEMPATH\Exceptions\FrameworkException.php on line 33.
 1 SYSTEMPATH\View\View.php(201): CodeIgniter\Exceptions\FrameworkException::forInvalidFile('forgot_password.php')
 2 SYSTEMPATH\Common.php(1135): CodeIgniter\View\View->render('forgot_password', [], true)
 3 APPPATH\Controllers\Home.php(102): view('forgot_password')
 4 SYSTEMPATH\CodeIgniter.php(896): App\Controllers\Home->forgot_password()
 5 SYSTEMPATH\CodeIgniter.php(466): CodeIgniter\CodeIgniter->runController(Object(App\Controllers\Home))
 6 SYSTEMPATH\CodeIgniter.php(349): CodeIgniter\CodeIgniter->handleRequest(null, Object(Config\Cache), false)
 7 FCPATH\index.php(55): CodeIgniter\CodeIgniter->run()
 8 SYSTEMPATH\Commands\Server\rewrite.php(43): require_once('FCPATH\\index.php')
CRITICAL - 2022-09-27 01:21:50 --> Invalid file: forgot_password.php
in SYSTEMPATH\Exceptions\FrameworkException.php on line 33.
 1 SYSTEMPATH\View\View.php(201): CodeIgniter\Exceptions\FrameworkException::forInvalidFile('forgot_password.php')
 2 SYSTEMPATH\Common.php(1135): CodeIgniter\View\View->render('forgot_password', [], true)
 3 APPPATH\Controllers\Home.php(102): view('forgot_password')
 4 SYSTEMPATH\CodeIgniter.php(896): App\Controllers\Home->forgot_password()
 5 SYSTEMPATH\CodeIgniter.php(466): CodeIgniter\CodeIgniter->runController(Object(App\Controllers\Home))
 6 SYSTEMPATH\CodeIgniter.php(349): CodeIgniter\CodeIgniter->handleRequest(null, Object(Config\Cache), false)
 7 FCPATH\index.php(55): CodeIgniter\CodeIgniter->run()
 8 SYSTEMPATH\Commands\Server\rewrite.php(43): require_once('FCPATH\\index.php')
CRITICAL - 2022-09-27 01:27:13 --> Maximum execution time of 60 seconds exceeded
in VENDORPATH\phpmailer\phpmailer\src\SMTP.php on line 1231.
 1 [internal function]: CodeIgniter\Debug\Exceptions->shutdownHandler()
CRITICAL - 2022-09-27 01:39:26 --> cURL error 28: Operation timed out after 10012 milliseconds with 0 out of 0 bytes received
in VENDORPATH\rmccue\requests\src\Transport\Curl.php on line 490.
 1 VENDORPATH\rmccue\requests\src\Transport\Curl.php(219): WpOrg\Requests\Transport\Curl->process_response('ROOTPATH\\public', [...])
 2 VENDORPATH\rmccue\requests\src\Requests.php(469): WpOrg\Requests\Transport\Curl->request('https://api.razorpay.com/v1/orders/', [...], [...], [...])
 3 VENDORPATH\razorpay\razorpay\src\Request.php(57): WpOrg\Requests\Requests::request('https://api.razorpay.com/v1/orders/', [...], [...], 'POST', [...])
 4 VENDORPATH\razorpay\razorpay\src\Entity.php(92): Razorpay\Api\Request->request('POST', 'https://api.razorpay.com/v1/orders/', [...])
 5 VENDORPATH\razorpay\razorpay\src\Entity.php(20): Razorpay\Api\Entity->request('POST', 'orders/', [...])
 6 VENDORPATH\razorpay\razorpay\src\Order.php(12): Razorpay\Api\Entity->create([...])
 7 APPPATH\Helpers\rozorpay_helper.php(82): Razorpay\Api\Order->create([...])
 8 APPPATH\Helpers\rozorpay_helper.php(23): generate_order_id_razor('6440', '7c65959033f165a04007')
 9 APPPATH\Models\HomeModel.php(1209): SendRazor('6440', '7c65959033f165a04007', [...])
10 APPPATH\Controllers\Home.php(222): App\Models\HomeModel->payment_data([...])
11 SYSTEMPATH\CodeIgniter.php(896): App\Controllers\Home->checkout()
12 SYSTEMPATH\CodeIgniter.php(466): CodeIgniter\CodeIgniter->runController(Object(App\Controllers\Home))
13 SYSTEMPATH\CodeIgniter.php(349): CodeIgniter\CodeIgniter->handleRequest(null, Object(Config\Cache), false)
14 FCPATH\index.php(55): CodeIgniter\CodeIgniter->run()
15 SYSTEMPATH\Commands\Server\rewrite.php(43): require_once('FCPATH\\index.php')
CRITICAL - 2022-09-27 01:39:55 --> cURL error 28: Operation timed out after 10009 milliseconds with 0 out of 0 bytes received
in VENDORPATH\rmccue\requests\src\Transport\Curl.php on line 490.
 1 VENDORPATH\rmccue\requests\src\Transport\Curl.php(219): WpOrg\Requests\Transport\Curl->process_response('ROOTPATH\\public', [...])
 2 VENDORPATH\rmccue\requests\src\Requests.php(469): WpOrg\Requests\Transport\Curl->request('https://api.razorpay.com/v1/orders/', [...], [...], [...])
 3 VENDORPATH\razorpay\razorpay\src\Request.php(57): WpOrg\Requests\Requests::request('https://api.razorpay.com/v1/orders/', [...], [...], 'POST', [...])
 4 VENDORPATH\razorpay\razorpay\src\Entity.php(92): Razorpay\Api\Request->request('POST', 'https://api.razorpay.com/v1/orders/', [...])
 5 VENDORPATH\razorpay\razorpay\src\Entity.php(20): Razorpay\Api\Entity->request('POST', 'orders/', [...])
 6 VENDORPATH\razorpay\razorpay\src\Order.php(12): Razorpay\Api\Entity->create([...])
 7 APPPATH\Helpers\rozorpay_helper.php(82): Razorpay\Api\Order->create([...])
 8 APPPATH\Helpers\rozorpay_helper.php(23): generate_order_id_razor('6440', '20d21432febab6d52304')
 9 APPPATH\Models\HomeModel.php(1209): SendRazor('6440', '20d21432febab6d52304', [...])
10 APPPATH\Controllers\Home.php(222): App\Models\HomeModel->payment_data([...])
11 SYSTEMPATH\CodeIgniter.php(896): App\Controllers\Home->checkout()
12 SYSTEMPATH\CodeIgniter.php(466): CodeIgniter\CodeIgniter->runController(Object(App\Controllers\Home))
13 SYSTEMPATH\CodeIgniter.php(349): CodeIgniter\CodeIgniter->handleRequest(null, Object(Config\Cache), false)
14 FCPATH\index.php(55): CodeIgniter\CodeIgniter->run()
15 SYSTEMPATH\Commands\Server\rewrite.php(43): require_once('FCPATH\\index.php')
CRITICAL - 2022-09-27 02:03:09 --> Undefined array key "review"
in APPPATH\Models\HomeModel.php on line 728.
 1 APPPATH\Models\HomeModel.php(728): CodeIgniter\Debug\Exceptions->errorHandler(2, 'Undefined array key "review"', 'APPPATH\\Models\\HomeModel.php', 728)
 2 APPPATH\Controllers\Home.php(250): App\Models\HomeModel->insert_review([...])
 3 SYSTEMPATH\CodeIgniter.php(896): App\Controllers\Home->review()
 4 SYSTEMPATH\CodeIgniter.php(466): CodeIgniter\CodeIgniter->runController(Object(App\Controllers\Home))
 5 SYSTEMPATH\CodeIgniter.php(349): CodeIgniter\CodeIgniter->handleRequest(null, Object(Config\Cache), false)
 6 FCPATH\index.php(55): CodeIgniter\CodeIgniter->run()
 7 SYSTEMPATH\Commands\Server\rewrite.php(43): require_once('FCPATH\\index.php')
CRITICAL - 2022-09-27 02:12:59 --> Trying to access array offset on value of type null
in APPPATH\Models\HomeModel.php on line 160.
 1 APPPATH\Models\HomeModel.php(160): CodeIgniter\Debug\Exceptions->errorHandler(2, 'Trying to access array offset on value of type null', 'APPPATH\\Models\\HomeModel.php', 160)
 2 APPPATH\Controllers\Home.php(124): App\Models\HomeModel->get_product_data('shop-quick-view.html')
 3 SYSTEMPATH\CodeIgniter.php(896): App\Controllers\Home->productdetail('shop-quick-view.html')
 4 SYSTEMPATH\CodeIgniter.php(466): CodeIgniter\CodeIgniter->runController(Object(App\Controllers\Home))
 5 SYSTEMPATH\CodeIgniter.php(349): CodeIgniter\CodeIgniter->handleRequest(null, Object(Config\Cache), false)
 6 FCPATH\index.php(55): CodeIgniter\CodeIgniter->run()
 7 SYSTEMPATH\Commands\Server\rewrite.php(43): require_once('FCPATH\\index.php')
CRITICAL - 2022-09-27 02:22:51 --> Invalid file: contact.php
in SYSTEMPATH\Exceptions\FrameworkException.php on line 33.
 1 SYSTEMPATH\View\View.php(201): CodeIgniter\Exceptions\FrameworkException::forInvalidFile('contact.php')
 2 SYSTEMPATH\Common.php(1135): CodeIgniter\View\View->render('contact', [], true)
 3 APPPATH\Controllers\Home.php(165): view('contact')
 4 SYSTEMPATH\CodeIgniter.php(896): App\Controllers\Home->contact()
 5 SYSTEMPATH\CodeIgniter.php(466): CodeIgniter\CodeIgniter->runController(Object(App\Controllers\Home))
 6 SYSTEMPATH\CodeIgniter.php(349): CodeIgniter\CodeIgniter->handleRequest(null, Object(Config\Cache), false)
 7 FCPATH\index.php(55): CodeIgniter\CodeIgniter->run()
 8 SYSTEMPATH\Commands\Server\rewrite.php(43): require_once('FCPATH\\index.php')
CRITICAL - 2022-09-27 03:05:02 --> Maximum execution time of 60 seconds exceeded
in VENDORPATH\phpmailer\phpmailer\src\SMTP.php on line 1405.
 1 [internal function]: CodeIgniter\Debug\Exceptions->shutdownHandler()
CRITICAL - 2022-09-27 03:10:49 --> Maximum execution time of 60 seconds exceeded
in VENDORPATH\phpmailer\phpmailer\src\SMTP.php on line 1405.
 1 [internal function]: CodeIgniter\Debug\Exceptions->shutdownHandler()
