CRITICAL - 2022-09-30 00:10:31 --> Undefined index: category_name
in APPPATH\Views\index.php on line 127.
 1 APPPATH\Views\index.php(127): CodeIgniter\Debug\Exceptions->errorHandler(8, 'Undefined index: category_name', 'APPPATH\\Views\\index.php', 127, [...])
 2 SYSTEMPATH\View\View.php(213): include('APPPATH\\Views\\index.php')
 3 SYSTEMPATH\View\View.php(216): CodeIgniter\View\View->CodeIgniter\View\{closure}()
 4 SYSTEMPATH\Common.php(1135): CodeIgniter\View\View->render('index', [], true)
 5 APPPATH\Controllers\Home.php(38): view('index', [...])
 6 SYSTEMPATH\CodeIgniter.php(896): App\Controllers\Home->index()
 7 SYSTEMPATH\CodeIgniter.php(466): CodeIgniter\CodeIgniter->runController(Object(App\Controllers\Home))
 8 SYSTEMPATH\CodeIgniter.php(349): CodeIgniter\CodeIgniter->handleRequest(null, Object(Config\Cache), false)
 9 FCPATH\index.php(55): CodeIgniter\CodeIgniter->run()
10 SYSTEMPATH\Commands\Server\rewrite.php(43): require_once('FCPATH\\index.php')
ERROR - 2022-09-30 04:57:16 --> Unknown table 'shopwise.i'
CRITICAL - 2022-09-30 04:57:16 --> Unknown table 'shopwise.i'
in SYSTEMPATH\Database\MySQLi\Connection.php on line 292.
 1 SYSTEMPATH\Database\MySQLi\Connection.php(292): mysqli->query('SELECT `i`.*, `b`.`brand` as `brand_name`, `c`.`category` as `category_name`
FROM `item`
JOIN `brand` `b` ON `b`.`id`=`i`.`brand`
JOIN `category` `c` ON `c`.`id`=`i`.`category`
WHERE `is_featured` = \'1\'
AND `is_delete` = \'0\'
ORDER BY `id` DESC
 LIMIT 8', 0)
 2 SYSTEMPATH\Database\BaseConnection.php(695): CodeIgniter\Database\MySQLi\Connection->execute('SELECT `i`.*, `b`.`brand` as `brand_name`, `c`.`category` as `category_name`
FROM `item`
JOIN `brand` `b` ON `b`.`id`=`i`.`brand`
JOIN `category` `c` ON `c`.`id`=`i`.`category`
WHERE `is_featured` = \'1\'
AND `is_delete` = \'0\'
ORDER BY `id` DESC
 LIMIT 8')
 3 SYSTEMPATH\Database\BaseConnection.php(609): CodeIgniter\Database\BaseConnection->simpleQuery('SELECT `i`.*, `b`.`brand` as `brand_name`, `c`.`category` as `category_name`
FROM `item`
JOIN `brand` `b` ON `b`.`id`=`i`.`brand`
JOIN `category` `c` ON `c`.`id`=`i`.`category`
WHERE `is_featured` = \'1\'
AND `is_delete` = \'0\'
ORDER BY `id` DESC
 LIMIT 8')
 4 SYSTEMPATH\Database\BaseBuilder.php(1585): CodeIgniter\Database\BaseConnection->query('SELECT `i`.*, `b`.`brand` as `brand_name`, `c`.`category` as `category_name`
FROM `item`
JOIN `brand` `b` ON `b`.`id`=`i`.`brand`
JOIN `category` `c` ON `c`.`id`=`i`.`category`
WHERE `is_featured` = :is_featured:
AND `is_delete` = :is_delete:
ORDER BY `id` DESC
 LIMIT 8', [...], false)
 5 APPPATH\Models\HomeModel.php(304): CodeIgniter\Database\BaseBuilder->get()
 6 APPPATH\Controllers\Home.php(27): App\Models\HomeModel->featured_data()
 7 SYSTEMPATH\CodeIgniter.php(896): App\Controllers\Home->index()
 8 SYSTEMPATH\CodeIgniter.php(466): CodeIgniter\CodeIgniter->runController(Object(App\Controllers\Home))
 9 SYSTEMPATH\CodeIgniter.php(349): CodeIgniter\CodeIgniter->handleRequest(null, Object(Config\Cache), false)
10 FCPATH\index.php(55): CodeIgniter\CodeIgniter->run()
11 SYSTEMPATH\Commands\Server\rewrite.php(43): require_once('FCPATH\\index.php')
ERROR - 2022-09-30 04:58:16 --> Unknown table 'shopwise.i'
CRITICAL - 2022-09-30 04:58:16 --> Unknown table 'shopwise.i'
in SYSTEMPATH\Database\MySQLi\Connection.php on line 292.
 1 SYSTEMPATH\Database\MySQLi\Connection.php(292): mysqli->query('SELECT `i`.*, `b`.`brand` as `brand_name`, `c`.`category` as `category_name`
FROM `item`
JOIN `brand` `b` ON `b`.`id`=`i`.`brand`
JOIN `category` `c` ON `c`.`id`=`i`.`category`
WHERE `is_featured` = \'1\'
AND `is_delete` = \'0\'
ORDER BY `id` DESC
 LIMIT 8', 0)
 2 SYSTEMPATH\Database\BaseConnection.php(695): CodeIgniter\Database\MySQLi\Connection->execute('SELECT `i`.*, `b`.`brand` as `brand_name`, `c`.`category` as `category_name`
FROM `item`
JOIN `brand` `b` ON `b`.`id`=`i`.`brand`
JOIN `category` `c` ON `c`.`id`=`i`.`category`
WHERE `is_featured` = \'1\'
AND `is_delete` = \'0\'
ORDER BY `id` DESC
 LIMIT 8')
 3 SYSTEMPATH\Database\BaseConnection.php(609): CodeIgniter\Database\BaseConnection->simpleQuery('SELECT `i`.*, `b`.`brand` as `brand_name`, `c`.`category` as `category_name`
FROM `item`
JOIN `brand` `b` ON `b`.`id`=`i`.`brand`
JOIN `category` `c` ON `c`.`id`=`i`.`category`
WHERE `is_featured` = \'1\'
AND `is_delete` = \'0\'
ORDER BY `id` DESC
 LIMIT 8')
 4 SYSTEMPATH\Database\BaseBuilder.php(1585): CodeIgniter\Database\BaseConnection->query('SELECT `i`.*, `b`.`brand` as `brand_name`, `c`.`category` as `category_name`
FROM `item`
JOIN `brand` `b` ON `b`.`id`=`i`.`brand`
JOIN `category` `c` ON `c`.`id`=`i`.`category`
WHERE `is_featured` = :is_featured:
AND `is_delete` = :is_delete:
ORDER BY `id` DESC
 LIMIT 8', [...], false)
 5 APPPATH\Models\HomeModel.php(304): CodeIgniter\Database\BaseBuilder->get()
 6 APPPATH\Controllers\Home.php(27): App\Models\HomeModel->featured_data()
 7 SYSTEMPATH\CodeIgniter.php(896): App\Controllers\Home->index()
 8 SYSTEMPATH\CodeIgniter.php(466): CodeIgniter\CodeIgniter->runController(Object(App\Controllers\Home))
 9 SYSTEMPATH\CodeIgniter.php(349): CodeIgniter\CodeIgniter->handleRequest(null, Object(Config\Cache), false)
10 FCPATH\index.php(55): CodeIgniter\CodeIgniter->run()
11 SYSTEMPATH\Commands\Server\rewrite.php(43): require_once('FCPATH\\index.php')
